2015-12-21 14:15:40,209 [Worker-17] INFO  o.e.m.c.i.p.ProjectConfigurationManager - Collecting project info '/pom.xml' /Users/pktqa/Documents/PG_Brands/test/pom.xml
2015-12-21 14:15:43,505 [Worker-17] INFO  o.e.m.c.i.l.LifecycleMappingFactory - Using org.eclipse.m2e.jdt.JarLifecycleMapping lifecycle mapping for MavenProject: brand:test:0.0.1-SNAPSHOT @ /Users/pktqa/Documents/PG_Brands/test/pom.xml.
2015-12-21 14:15:44,167 [Worker-17] INFO  o.e.m.j.i.AbstractJavaProjectConfigurator - Adding source folder /test/src/main/java
2015-12-21 14:15:44,169 [Worker-17] INFO  o.e.m.j.i.AbstractJavaProjectConfigurator - Adding source folder /test/src/test/java
2015-12-21 14:15:46,362 [Worker-17] INFO  o.e.m.c.i.p.ProjectConfigurationManager - Imported and configured 1 project(s) in 6 sec
2015-12-21 14:15:46,764 [Worker-18] INFO  o.e.m.c.i.embedder.EclipseLogger - Using 'UTF-8' encoding to copy filtered resources.
2015-12-21 14:15:46,764 [Worker-18] INFO  o.e.m.c.i.embedder.EclipseLogger - skip non existing resourceDirectory /Users/pktqa/Documents/PG_Brands/test/src/main/resources
2015-12-21 14:15:46,767 [Worker-18] INFO  o.e.m.c.i.embedder.EclipseLogger - Using 'UTF-8' encoding to copy filtered resources.
2015-12-21 14:15:46,767 [Worker-18] INFO  o.e.m.c.i.embedder.EclipseLogger - skip non existing resourceDirectory /Users/pktqa/Documents/PG_Brands/test/src/test/resources
2015-12-21 14:22:34,094 [Worker-25] INFO  o.e.m.c.i.l.LifecycleMappingFactory - Using org.eclipse.m2e.jdt.JarLifecycleMapping lifecycle mapping for MavenProject: brand:test:0.0.1-SNAPSHOT @ /Users/pktqa/Documents/PG_Brands/test/pom.xml.
2015-12-21 14:22:35,954 [Worker-25] INFO  o.e.m.c.i.embedder.EclipseLogger - Using 'UTF-8' encoding to copy filtered resources.
2015-12-21 14:22:35,954 [Worker-25] INFO  o.e.m.c.i.embedder.EclipseLogger - skip non existing resourceDirectory /Users/pktqa/Documents/PG_Brands/test/src/main/resources
2015-12-21 14:22:35,956 [Worker-25] INFO  o.e.m.c.i.embedder.EclipseLogger - Using 'UTF-8' encoding to copy filtered resources.
2015-12-21 14:22:35,956 [Worker-25] INFO  o.e.m.c.i.embedder.EclipseLogger - skip non existing resourceDirectory /Users/pktqa/Documents/PG_Brands/test/src/test/resources
2015-12-21 14:22:37,682 [Worker-24] INFO  o.e.m.c.i.embedder.EclipseLogger - Using 'UTF-8' encoding to copy filtered resources.
2015-12-21 14:22:37,682 [Worker-24] INFO  o.e.m.c.i.embedder.EclipseLogger - skip non existing resourceDirectory /Users/pktqa/Documents/PG_Brands/test/src/main/resources
2015-12-21 14:22:37,683 [Worker-24] INFO  o.e.m.c.i.embedder.EclipseLogger - Using 'UTF-8' encoding to copy filtered resources.
2015-12-21 14:22:37,683 [Worker-24] INFO  o.e.m.c.i.embedder.EclipseLogger - skip non existing resourceDirectory /Users/pktqa/Documents/PG_Brands/test/src/test/resources
2015-12-21 14:26:59,501 [Worker-28] INFO  o.e.m.c.i.embedder.EclipseLogger - Using 'UTF-8' encoding to copy filtered resources.
2015-12-21 14:26:59,506 [Worker-28] INFO  o.e.m.c.i.embedder.EclipseLogger - skip non existing resourceDirectory /Users/pktqa/Documents/PG_Brands/test/src/main/resources
2015-12-21 14:26:59,507 [Worker-28] INFO  o.e.m.c.i.embedder.EclipseLogger - Using 'UTF-8' encoding to copy filtered resources.
2015-12-21 14:26:59,508 [Worker-28] INFO  o.e.m.c.i.embedder.EclipseLogger - skip non existing resourceDirectory /Users/pktqa/Documents/PG_Brands/test/src/test/resources
2015-12-21 14:27:00,528 [Worker-28] INFO  o.e.m.c.i.embedder.EclipseLogger - Using 'UTF-8' encoding to copy filtered resources.
2015-12-21 14:27:00,528 [Worker-28] INFO  o.e.m.c.i.embedder.EclipseLogger - skip non existing resourceDirectory /Users/pktqa/Documents/PG_Brands/test/src/main/resources
2015-12-21 14:27:00,528 [Worker-28] INFO  o.e.m.c.i.embedder.EclipseLogger - Using 'UTF-8' encoding to copy filtered resources.
2015-12-21 14:27:00,529 [Worker-28] INFO  o.e.m.c.i.embedder.EclipseLogger - skip non existing resourceDirectory /Users/pktqa/Documents/PG_Brands/test/src/test/resources
2015-12-21 14:29:27,734 [Worker-30] INFO  o.e.m.c.i.embedder.EclipseLogger - Using 'UTF-8' encoding to copy filtered resources.
2015-12-21 14:29:27,745 [Worker-30] INFO  o.e.m.c.i.embedder.EclipseLogger - skip non existing resourceDirectory /Users/pktqa/Documents/PG_Brands/test/src/main/resources
2015-12-21 14:29:27,746 [Worker-30] INFO  o.e.m.c.i.embedder.EclipseLogger - Using 'UTF-8' encoding to copy filtered resources.
2015-12-21 14:29:27,746 [Worker-30] INFO  o.e.m.c.i.embedder.EclipseLogger - skip non existing resourceDirectory /Users/pktqa/Documents/PG_Brands/test/src/test/resources
2015-12-21 14:55:59,630 [Worker-39] INFO  o.e.m.c.i.embedder.EclipseLogger - Using 'UTF-8' encoding to copy filtered resources.
2015-12-21 14:55:59,642 [Worker-39] INFO  o.e.m.c.i.embedder.EclipseLogger - skip non existing resourceDirectory /Users/pktqa/Documents/PG_Brands/test/src/main/resources
2015-12-21 14:55:59,643 [Worker-39] INFO  o.e.m.c.i.embedder.EclipseLogger - Using 'UTF-8' encoding to copy filtered resources.
2015-12-21 14:55:59,643 [Worker-39] INFO  o.e.m.c.i.embedder.EclipseLogger - skip non existing resourceDirectory /Users/pktqa/Documents/PG_Brands/test/src/test/resources
2015-12-21 14:57:19,104 [Worker-41] INFO  o.e.m.c.i.embedder.EclipseLogger - Using 'UTF-8' encoding to copy filtered resources.
2015-12-21 14:57:19,116 [Worker-41] INFO  o.e.m.c.i.embedder.EclipseLogger - skip non existing resourceDirectory /Users/pktqa/Documents/PG_Brands/test/src/main/resources
2015-12-21 14:57:19,118 [Worker-41] INFO  o.e.m.c.i.embedder.EclipseLogger - Using 'UTF-8' encoding to copy filtered resources.
2015-12-21 14:57:19,118 [Worker-41] INFO  o.e.m.c.i.embedder.EclipseLogger - skip non existing resourceDirectory /Users/pktqa/Documents/PG_Brands/test/src/test/resources
